<?xml version="1.0" encoding="UTF-8"?>
<!-- Generated by org.testng.reporters.JUnitXMLReporter -->
<testsuite hostname="KAGUMPA-G2BH5" name="Command line test" tests="2" failures="2" timestamp="2 Jun 2017 18:18:25 GMT" time="1782.317" errors="0">
  <testcase name="rmas_1018239_Standard_Return_Ship" time="1782.29" classname="com.cisco.testscripts.RMASimplification.RMAS_1018239_Standard_Return_Ship">
    <failure type="java.lang.AssertionError" message="expected [true] but found [false]">
      <![CDATA[java.lang.AssertionError: expected [true] but found [false]
	at lib.cisco.util.DeliveryDetailsUtility.rmaSymftion_DelryDetails_Clk_DelryDetailsContinue(DeliveryDetailsUtility.java:1542)
	at lib.cisco.util.ApplicationUtility.rmaSymftion_DelryDetails_Clk_DelryDetailsContinue(ApplicationUtility.java:1998)
	at com.cisco.testscripts.RMASimplification.RMAS_1018239_Standard_Return_Ship.rmas_1018239_Standard_Return_Ship(RMAS_1018239_Standard_Return_Ship.java:73)
	at lib.cisco.util.SequentialExecution.runTestNGSequential(SequentialExecution.java:51)
	at lib.cisco.util.Runner.primaryExecution(Runner.java:242)
	at lib.cisco.util.Runner.releaseTesting(Runner.java:208)
	at lib.cisco.util.Runner.main(Runner.java:156)
... Removed 25 stack frames]]>
    </failure>
  </testcase> <!-- rmas_1018239_Standard_Return_Ship -->
  <testcase name="rmas_1018239_Standard_Return_Ship" time="1782.312" classname="com.cisco.testscripts.RMASimplification.RMAS_1018239_Standard_Return_Ship">
    <failure type="java.lang.NoSuchMethodError" message="lib.cisco.util.DBUtill.addLogResultToMap(Ljava/lang/String;Ljava/lang/String;Ljava/lang/String;Ljava/lang/String;Ljava/lang/String;Ljava/lang/String;Ljava/lang/String;Ljava/lang/String;Ljava/lang/String;)V">
      <![CDATA[java.lang.NoSuchMethodError: lib.cisco.util.DBUtill.addLogResultToMap(Ljava/lang/String;Ljava/lang/String;Ljava/lang/String;Ljava/lang/String;Ljava/lang/String;Ljava/lang/String;Ljava/lang/String;Ljava/lang/String;Ljava/lang/String;)V
	at lib.cisco.util.Listener.onTestFailure(Listener.java:46)
	at lib.cisco.util.SequentialExecution.runTestNGSequential(SequentialExecution.java:51)
	at lib.cisco.util.Runner.primaryExecution(Runner.java:242)
	at lib.cisco.util.Runner.releaseTesting(Runner.java:208)
	at lib.cisco.util.Runner.main(Runner.java:156)
... Removed 18 stack frames]]>
    </failure>
  </testcase> <!-- rmas_1018239_Standard_Return_Ship -->
</testsuite> <!-- Command line test -->
